Setting breakpad minidump AppID = 437920
Steam_SetMinidumpSteamID:  Caching Steam ID:  76561198274678024 [API loaded no]
corrupted size vs. prev_size
Stacktrace:

X_STENCIL_SIZE=8
GLX_SAMPLES_ARB=0
GLX_SAMPLE_BUFFERS_ARB=0
GLX_STEREO=0
GLX_CONFIG_CAVEAT=NONE

Desktop is 1920 x 1080 @ 60 Hz
Initialize engine version: 5.5.1p3 (828893732fe0)
GfxDevice: creating device client; threaded=1
GLX Extensions: GLX_ARB_context_flush_control GLX_ARB_create_context GLX_ARB_create_context_no_error GLX_ARB_create_context_profile GLX_ARB_create_context_robustness GLX_ARB_fbconfig_float GLX_ARB_framebuffer_sRGB GLX_ARB_get_proc_address GLX_ARB_multisample GLX_EXT_buffer_age GLX_EXT_create_context_es2_profile GLX_EXT_create_context_es_profile GLX_EXT_fbconfig_packed_float GLX_EXT_framebuffer_sRGB GLX_EXT_no_config_context GLX_EXT_swap_control GLX_EXT_swap_control_tear GLX_EXT_texture_from_pixmap GLX_EXT_visual_info GLX_EXT_visual_rating GLX_MESA_copy_sub_buffer GLX_MESA_gl_interop GLX_MESA_query_renderer GLX_MESA_swap_control GLX_OML_sync_control GLX_SGIS_multisample GLX_SGIX_fbconfig GLX_SGIX_pbuffer GLX_SGIX_visual_select_group GLX_SGI_make_current_read GLX_SGI_video_sync 
Setting maxVSyncInterval to 0
Renderer: Mesa Intel(R) Iris(R) Xe Graphics (RPL-U)
Vendor:   Intel
Version:  4.6 (Core Profile) Mesa 25.0.7
GLES:     0
 GL_3DFX_texture_compression_FXT1 GL_AMD_conservative_depth GL_AMD_depth_clamp_separate GL_AMD_draw_buffers_blend GL_AMD_gpu_shader_int64 GL_AMD_multi_draw_indirect GL_AMD_performance_monitor GL_AMD_pinned_memory GL_AMD_query_buffer_object GL_AMD_seamless_cubemap_per_texture GL_AMD_shader_stencil_export GL_AMD_shader_trinary_minmax GL_AMD_texture_texture4 GL_AMD_vertex_shader_layer GL_AMD_vertex_shader_viewport_index GL_ANGLE_texture_compression_dxt3 GL_ANGLE_texture_compression_dxt5 GL_ARB_ES2_compatibility GL_ARB_ES3_1_compatibility GL_ARB_ES3_2_compatibility GL_ARB_ES3_compatibility GL_ARB_arrays_of_arrays GL_ARB_base_instance GL_ARB_blend_func_extended GL_ARB_buffer_storage GL_ARB_clear_buffer_object GL_ARB_clear_texture GL_ARB_clip_control GL_ARB_compressed_texture_pixel_storage GL_ARB_compute_shader GL_ARB_compute_variable_group_size GL_ARB_conditional_render_inverted GL_ARB_conservative_depth GL_ARB_copy_buffer GL_ARB_copy_image GL_ARB_cull_distance GL_ARB_debug_output GL_ARB_depth_buffer_float GL_ARB
_depth_clamp GL_ARB_derivative_control GL_ARB_direct_state_access GL_ARB_draw_buffers GL_ARB_draw_buffers_blend GL_ARB_draw_elements_base_vertex GL_ARB_draw_indirect GL_ARB_draw_instanced GL_ARB_enhanced_layouts GL_ARB_explicit_attrib_location GL_ARB_explicit_uniform_location GL_ARB_fragment_coord_conventions GL_ARB_fragment_layer_viewport GL_ARB_fragment_shader GL_ARB_fragment_shader_interlock GL_ARB_framebuffer_no_attachments GL_ARB_framebuffer_object GL_ARB_framebuffer_sRGB GL_ARB_get_program_binary GL_ARB_get_texture_sub_image GL_ARB_gl_spirv GL_ARB_gpu_shader5 GL_ARB_gpu_shader_fp64 GL_ARB_gpu_shader_int64 GL_ARB_half_float_pixel GL_ARB_half_float_vertex GL_ARB_indirect_parameters GL_ARB_instanced_arrays GL_ARB_internalformat_query GL_ARB_internalformat_query2 GL_ARB_invalidate_subdata GL_ARB_map_buffer_alignment GL_ARB_map_buffer_range GL_ARB_multi_bind GL_ARB_multi_draw_indirect GL_ARB_occlusion_query2 GL_ARB_parallel_shader_compile GL_ARB_pipeline_statistics_query GL_ARB_pixel_buffer_object GL_ARB_po
int_sprite GL_ARB_polygon_offset_clamp GL_ARB_post_depth_coverage GL_ARB_program_interface_query GL_ARB_provoking_vertex GL_ARB_query_buffer_object GL_ARB_robust_buffer_access_behavior GL_ARB_robustness GL_ARB_sample_shading GL_ARB_sampler_objects GL_ARB_seamless_cube_map GL_ARB_seamless_cubemap_per_texture GL_ARB_separate_shader_objects GL_ARB_shader_atomic_counter_ops GL_ARB_shader_atomic_counters GL_ARB_shader_ballot GL_ARB_shader_bit_encoding GL_ARB_shader_clock GL_ARB_shader_draw_parameters GL_ARB_shader_group_vote GL_ARB_shader_image_load_store GL_ARB_shader_image_size GL_ARB_shader_objects GL_ARB_shader_precision GL_ARB_shader_stencil_export GL_ARB_shader_storage_buffer_object GL_ARB_shader_subroutine GL_ARB_shader_texture_image_samples GL_ARB_shader_texture_lod GL_ARB_shader_viewport_layer_array GL_ARB_shading_language_420pack GL_ARB_shading_language_include GL_ARB_shading_language_packing GL_ARB_spirv_extensions GL_ARB_stencil_texturing GL_ARB_sync GL_ARB_tessellation_shader GL_ARB_texture_barrier G
L_ARB_texture_border_clamp GL_ARB_texture_buffer_object GL_ARB_texture_buffer_object_rgb32 GL_ARB_texture_buffer_range GL_ARB_texture_compression_bptc GL_ARB_texture_compression_rgtc GL_ARB_texture_cube_map_array GL_ARB_texture_filter_anisotropic GL_ARB_texture_float GL_ARB_texture_gather GL_ARB_texture_mirror_clamp_to_edge GL_ARB_texture_multisample GL_ARB_texture_non_power_of_two GL_ARB_texture_query_levels GL_ARB_texture_query_lod GL_ARB_texture_rectangle GL_ARB_texture_rg GL_ARB_texture_rgb10_a2ui GL_ARB_texture_stencil8 GL_ARB_texture_storage GL_ARB_texture_storage_multisample GL_ARB_texture_swizzle GL_ARB_texture_view GL_ARB_timer_query GL_ARB_transform_feedback2 GL_ARB_transform_feedback3 GL_ARB_transform_feedback_instanced GL_ARB_transform_feedback_overflow_query GL_ARB_uniform_buffer_object GL_ARB_vertex_array_bgra GL_ARB_vertex_array_object GL_ARB_vertex_attrib_64bit GL_ARB_vertex_attrib_binding GL_ARB_vertex_buffer_object GL_ARB_vertex_shader GL_ARB_vertex_type_10f_11f_11f_rev GL_ARB_vertex_type_2
_10_10_10_rev GL_ARB_viewport_array GL_ATI_blend_equation_separate GL_ATI_texture_float GL_EXT_EGL_image_storage GL_EXT_EGL_image_storage_compression GL_EXT_EGL_sync GL_EXT_abgr GL_EXT_blend_equation_separate GL_EXT_debug_label GL_EXT_demote_to_helper_invocation GL_EXT_depth_bounds_test GL_EXT_draw_buffers2 GL_EXT_draw_instanced GL_EXT_framebuffer_blit GL_EXT_framebuffer_multisample GL_EXT_framebuffer_multisample_blit_scaled GL_EXT_framebuffer_object GL_EXT_framebuffer_sRGB GL_EXT_memory_object GL_EXT_memory_object_fd GL_EXT_packed_depth_stencil GL_EXT_packed_float GL_EXT_pixel_buffer_object GL_EXT_polygon_offset_clamp GL_EXT_provoking_vertex GL_EXT_semaphore GL_EXT_semaphore_fd GL_EXT_shader_framebuffer_fetch GL_EXT_shader_framebuffer_fetch_non_coherent GL_EXT_shader_integer_mix GL_EXT_shader_samples_identical GL_EXT_texture_array GL_EXT_texture_compression_dxt1 GL_EXT_texture_compression_rgtc GL_EXT_texture_compression_s3tc GL_EXT_texture_filter_anisotropic GL_EXT_texture_integer GL_EXT_texture_sRGB GL_EXT
_texture_sRGB_R8 GL_EXT_texture_sRGB_decode GL_EXT_texture_shadow_lod GL_EXT_texture_shared_exponent GL_EXT_texture_snorm GL_EXT_texture_storage GL_EXT_texture_swizzle GL_EXT_timer_query GL_EXT_transform_feedback GL_EXT_vertex_array_bgra GL_EXT_vertex_attrib_64bit GL_IBM_multimode_draw_arrays GL_INTEL_blackhole_render GL_INTEL_conservative_rasterization GL_INTEL_performance_query GL_INTEL_shader_atomic_float_minmax GL_INTEL_shader_integer_functions2 GL_KHR_blend_equation_advanced GL_KHR_blend_equation_advanced_coherent GL_KHR_context_flush_control GL_KHR_debug GL_KHR_no_error GL_KHR_parallel_shader_compile GL_KHR_robust_buffer_access_behavior GL_KHR_robustness GL_KHR_texture_compression_astc_ldr GL_KHR_texture_compression_astc_sliced_3d GL_MESA_framebuffer_flip_y GL_MESA_pack_invert GL_MESA_shader_integer_functions GL_MESA_texture_const_bandwidth GL_MESA_texture_signed_rgba GL_NV_alpha_to_coverage_dither_control GL_NV_compute_shader_derivatives GL_NV_conditional_render GL_NV_copy_image GL_NV_depth_clamp GL_N
V_fragment_shader_interlock GL_NV_packed_depth_stencil GL_NV_texture_barrier GL_OES_EGL_image GL_S3_s3tc
OPENGL LOG: Creating OpenGL 4.6 graphics device ; Context level  <OpenGL 4.5> ; Context handle 190066032
AudioManager: Using PulseAudio: Default Output Device
Begin MonoManager ReloadAssembly
Platform assembly: /home/lf/.local/share/Steam/steamapps/common/Tricky Towers/TrickyTowers_Data/Managed/UnityEngine.dll (this message is harmless)
Loading /home/lf/.local/share/Steam/steamapps/common/Tricky Towers/TrickyTowers_Data/Managed/UnityEngine.dll into Unity Child Domain
Platform assembly: /home/lf/.local/share/Steam/steamapps/common/Tricky Towers/TrickyTowers_Data/Managed/Assembly-CSharp-firstpass.dll (this message is harmless)
Loading /home/lf/.local/share/Steam/steamapps/common/Tricky Towers/TrickyTowers_Data/Managed/Assembly-CSharp-firstpass.dll into Unity Child Domain
Platform assembly: /home/lf/.local/share/Steam/steamapps/common/Tricky Towers/TrickyTowers_Data/Managed/Assembly-CSharp.dll (this message is harmless)
Loading /home/lf/.local/share/Steam/steamapps/common/Tricky Towers/TrickyTowers_Data/Managed/Assembly-CSharp.dll into Unity Child Domain
Platform assembly: /home/lf/.local/share/Steam/steamapps/common/Tricky Towers/TrickyTowers_Data/Managed/UnityEngine.UI.dll (this message is harmless)
Loading /home/lf/.local/share/Steam/steamapps/common/Tricky Towers/TrickyTowers_Data/Managed/UnityEngine.UI.dll into Unity Child Domain
Platform assembly: /home/lf/.local/share/Steam/steamapps/common/Tricky Towers/TrickyTowers_Data/Managed/UnityEngine.Networking.dll (this message is harmless)
Loading /home/lf/.local/share/Steam/steamapps/common/Tricky Towers/TrickyTowers_Data/Managed/UnityEngine.Networking.dll into Unity Child Domain
Platform assembly: /home/lf/.local/share/Steam/steamapps/common/Tricky Towers/TrickyTowers_Data/Managed/UnityEngine.PlaymodeTestsRunner.dll (this message is harmless)
Loading /home/lf/.local/share/Steam/steamapps/common/Tricky Towers/TrickyTowers_Data/Managed/UnityEngine.PlaymodeTestsRunner.dll into Unity Child Domain
Platform assembly: /home/lf/.local/share/Steam/steamapps/common/Tricky Towers/TrickyTowers_Data/Managed/DOTween.dll (this message is harmless)
Loading /home/lf/.local/share/Steam/steamapps/common/Tricky Towers/TrickyTowers_Data/Managed/DOTween.dll into Unity Child Domain
Platform assembly: /home/lf/.local/share/Steam/steamapps/common/Tricky Towers/TrickyTowers_Data/Managed/DOTween43.dll (this message is harmless)
Loading /home/lf/.local/share/Steam/steamapps/common/Tricky Towers/TrickyTowers_Data/Managed/DOTween43.dll into Unity Child Domain
Platform assembly: /home/lf/.local/share/Steam/steamapps/common/Tricky Towers/TrickyTowers_Data/Managed/DOTween46.dll (this message is harmless)
Loading /home/lf/.local/share/Steam/steamapps/common/Tricky Towers/TrickyTowers_Data/Managed/DOTween46.dll into Unity Child Domain
Platform assembly: /home/lf/.local/share/Steam/steamapps/common/Tricky Towers/TrickyTowers_Data/Managed/DOTween50.dll (this message is harmless)
Loading /home/lf/.local/share/Steam/steamapps/common/Tricky Towers/TrickyTowers_Data/Managed/DOTween50.dll into Unity Child Domain
- Completed reload, in  0.047 seconds
Platform assembly: /home/lf/.local/share/Steam/steamapps/common/Tricky Towers/TrickyTowers_Data/Managed/System.Core.dll (this message is harmless)
Platform assembly: /home/lf/.local/share/Steam/steamapps/common/Tricky Towers/TrickyTowers_Data/Managed/System.dll (this message is harmless)
OnLevelWasLoaded was found on DOTweenComponent
This message has been deprecated and will be removed in a later version of Unity.
Add a delegate to SceneManager.sceneLoaded instead to get notifications after scene loading has completed
 
(Filename:  Line: 382)

OnLevelWasLoaded was found on SceneManager
This message has been deprecated and will be removed in a later version of Unity.
Add a delegate to SceneManager.sceneLoaded instead to get notifications after scene loading has completed
 
(Filename:  Line: 382)

Default vsync count 0
requesting resize -1 x -1
Using native desktop resolution 1920 x 1080
requesting fullscreen 1920 x 1080 at 0 Hz
Desktop is 1920 x 1080 @ 60 Hz
Using libudev for joystick management


Importing game controller configs
UnloadTime: 2.026000 ms
Changing real window size to 1912 x 1035
Changing real window size to 1912 x 1035
Changing real window size to 1912 x 1035
Changing real window size to 1912 x 1035
Changing real window size to 1920 x 1080
Changing real window size to 1920 x 1080
Changing real window size to 1920 x 1080
Changing real window size to 1920 x 1080
!!!!!! - THIS BUILD IS IN RELEASE MODE - !!!!!!

 
(Filename: /home/builduser/buildslave/unity/build/artifacts/generated/common/runtime/DebugBindings.gen.cpp Line: 51)

Unloading 6 Unused Serialized files (Serialized files now loaded: 0)
UnloadTime: 0.338000 ms
Platform assembly: /home/lf/.local/share/Steam/steamapps/common/Tricky Towers/TrickyTowers_Data/Managed/System.Xml.dll (this message is harmless)
[APP] explanations initialised
[APP] Trophies initialised
[APP] Leaderboards initialised
[APP] User manager initialised
[APP] Net command initialised
[APP] prewarm leaderboard initialised
requesting resize 1920 x 1080
Using native desktop resolution 1920 x 1080

Selecting FBConfig
GLX_FBCONFIG_ID=376
GLX_BUFFER_SIZE=32
GLX_DOUBLEBUFFER=1
GLX_RED_SIZE=8
GLX_GREEN_SIZE=8
GLX_BLUE_SIZE=8
GLX_ALPHA_SIZE=8
GLX_DEPTH_SIZE=24
GLX_STENCIL_SIZE=8
GLX_SAMPLES_ARB=4
GLX_SAMPLE_BUFFERS_ARB=1
GLX_STEREO=0
GLX_CONFIG_CAVEAT=NONE

requesting fullscreen 1920 x 1080 at 60 Hz
Desktop is 1920 x 1080 @ 60 Hz
Changing real window size to 954 x 1035
Changing real window size to 954 x 1035
Changing real window size to 954 x 1035
Changing real window size to 954 x 1035
Changing real window size to 950 x 1031
Changing real window size to 950 x 1031
Changing real window size to 950 x 1031
Changing real window size to 950 x 1031
Changing real window size to 954 x 1035
Changing real window size to 950 x 1031
Changing real window size to 1920 x 1080
Changing real window size to 1920 x 1080
Changing real window size to 1920 x 1080
Changing real window size to 950 x 1031
Changing real window size to 1920 x 1080
Changing real window size to 1920 x 1080

Unloading 9 unused Assets to reduce memory usage. Loaded Objects now: 27057.
Total: 9.956000 ms (FindLiveObjects: 2.559000 ms CreateObjectMapping: 0.698000 ms MarkObjects: 6.660000 ms  DeleteObjects: 0.038000 ms)

Unloading 4 Unused Serialized files (Serialized files now loaded: 0)
UnloadTime: 1.370000 ms

Unloading 5 unused Assets to reduce memory usage. Loaded Objects now: 27200.
Total: 14.980000 ms (FindLiveObjects: 1.872000 ms CreateObjectMapping: 1.759000 ms MarkObjects: 11.299000 ms  DeleteObjects: 0.049000 ms)

Setting up 3 worker threads for Enlighten.
  Thread -> id: b3f24b40 -> priority: 1 
  Thread -> id: b3723b40 -> priority: 1 
  Thread -> id: b2f22b40 -> priority: 1 
Sending analytics to http://www.google-analytics.com/collect: 
v=1&t=event&tid=UA-76677029-1&cid=&av=01.82&an=Tricky%20Towers%20STEAM&ec=APPLICATION&ea=GAME_START&sc=start&ul=en&sr=1920x1080
 
(Filename: /home/builduser/buildslave/unity/build/artifacts/generated/common/runtime/DebugBindings.gen.cpp Line: 51)

No analytics to send!
 
(Filename: /home/builduser/buildslave/unity/build/artifacts/generated/common/runtime/DebugBindings.gen.cpp Line: 51)

Unloading 4 Unused Serialized files (Serialized files now loaded: 0)
UnloadTime: 3.187000 ms

Unloading 37 unused Assets to reduce memory usage. Loaded Objects now: 27758.
Total: 15.585999 ms (FindLiveObjects: 2.108000 ms CreateObjectMapping: 1.784000 ms MarkObjects: 11.611000 ms  DeleteObjects: 0.082000 ms)

No analytics to send!
 
(Filename: /home/builduser/buildslave/unity/build/artifacts/generated/common/runtime/DebugBindings.gen.cpp Line: 51)

Unloading 5 Unused Serialized files (Serialized files now loaded: 0)
UnloadTime: 3.371000 ms

Unloading 61 unused Assets to reduce memory usage. Loaded Objects now: 27735.
Total: 14.523001 ms (FindLiveObjects: 1.965000 ms CreateObjectMapping: 2.027000 ms MarkObjects: 10.467999 ms  DeleteObjects: 0.062000 ms)

No analytics to send!
 
(Filename: /home/builduser/buildslave/unity/build/artifacts/generated/common/runtime/DebugBindings.gen.cpp Line: 51)

Unloading 4 Unused Serialized files (Serialized files now loaded: 0)
UnloadTime: 2.277000 ms

Unloading 4 unused Assets to reduce memory usage. Loaded Objects now: 27758.
Total: 12.367000 ms (FindLiveObjects: 1.518000 ms CreateObjectMapping: 1.389000 ms MarkObjects: 9.434999 ms  DeleteObjects: 0.024000 ms)

No analytics to send!
 
(Filename: /home/builduser/buildslave/unity/build/artifacts/generated/common/runtime/DebugBindings.gen.cpp Line: 51)

Unloading 5 Unused Serialized files (Serialized files now loaded: 0)
UnloadTime: 2.942000 ms

Unloading 61 unused Assets to reduce memory usage. Loaded Objects now: 27853.
Total: 16.325001 ms (FindLiveObjects: 2.187000 ms CreateObjectMapping: 1.965000 ms MarkObjects: 12.052000 ms  DeleteObjects: 0.120000 ms)

Sending analytics to http://www.google-analytics.com/collect: 
v=1&t=event&tid=UA-76677029-1&cid=&av=01.82&an=Tricky%20Towers%20STEAM&ec=WIZARD&ea=SELECT&el=DEFAULT
 
(Filename: /home/builduser/buildslave/unity/build/artifacts/generated/common/runtime/DebugBindings.gen.cpp Line: 51)

Unloading 5 Unused Serialized files (Serialized files now loaded: 0)
UnloadTime: 3.058000 ms

Unloading 8 unused Assets to reduce memory usage. Loaded Objects now: 27362.
Total: 15.492000 ms (FindLiveObjects: 1.996000 ms CreateObjectMapping: 1.926000 ms MarkObjects: 11.503000 ms  DeleteObjects: 0.065000 ms)

Character with ASCII value of 1040 was not found in the Font Asset Glyph Table.
 
(Filename: /home/builduser/buildslave/unity/build/artifacts/generated/common/runtime/DebugBindings.gen.cpp Line: 51)

Character with ASCII value of 1073 was not found in the Font Asset Glyph Table.
 
(Filename: /home/builduser/buildslave/unity/build/artifacts/generated/common/runtime/DebugBindings.gen.cpp Line: 51)

Character with ASCII value of 1088 was not found in the Font Asset Glyph Table.
 
(Filename: /home/builduser/buildslave/unity/build/artifacts/generated/common/runtime/DebugBindings.gen.cpp Line: 51)

Character with ASCII value of 1099 was not found in the Font Asset Glyph Table.
 
(Filename: /home/builduser/buildslave/unity/build/artifacts/generated/common/runtime/DebugBindings.gen.cpp Line: 51)

Character with ASCII value of 1075 was not found in the Font Asset Glyph Table.
 
(Filename: /home/builduser/buildslave/unity/build/artifacts/generated/common/runtime/DebugBindings.gen.cpp Line: 51)

Character with ASCII value of 1072 was not found in the Font Asset Glyph Table.
 
(Filename: /home/builduser/buildslave/unity/build/artifacts/generated/common/runtime/DebugBindings.gen.cpp Line: 51)

Character with ASCII value of 1085 was not found in the Font Asset Glyph Table.
 
(Filename: /home/builduser/buildslave/unity/build/artifacts/generated/common/runtime/DebugBindings.gen.cpp Line: 51)

Character with ASCII value of 1040 was not found in the Font Asset Glyph Table.
 
(Filename: /home/builduser/buildslave/unity/build/artifacts/generated/common/runtime/DebugBindings.gen.cpp Line: 51)

Character with ASCII value of 1073 was not found in the Font Asset Glyph Table.
 
(Filename: /home/builduser/buildslave/unity/build/artifacts/generated/common/runtime/DebugBindings.gen.cpp Line: 51)

Character with ASCII value of 1088 was not found in the Font Asset Glyph Table.
 
(Filename: /home/builduser/buildslave/unity/build/artifacts/generated/common/runtime/DebugBindings.gen.cpp Line: 51)

Character with ASCII value of 1099 was not found in the Font Asset Glyph Table.
 
(Filename: /home/builduser/buildslave/unity/build/artifacts/generated/common/runtime/DebugBindings.gen.cpp Line: 51)

Character with ASCII value of 1075 was not found in the Font Asset Glyph Table.
 
(Filename: /home/builduser/buildslave/unity/build/artifacts/generated/common/runtime/DebugBindings.gen.cpp Line: 51)

Character with ASCII value of 1072 was not found in the Font Asset Glyph Table.
 
(Filename: /home/builduser/buildslave/unity/build/artifacts/generated/common/runtime/DebugBindings.gen.cpp Line: 51)

Character with ASCII value of 1085 was not found in the Font Asset Glyph Table.
 
(Filename: /home/builduser/buildslave/unity/build/artifacts/generated/common/runtime/DebugBindings.gen.cpp Line: 51)

No analytics to send!
 
(Filename: /home/builduser/buildslave/unity/build/artifacts/generated/common/runtime/DebugBindings.gen.cpp Line: 51)

Unloading 3 Unused Serialized files (Serialized files now loaded: 0)
UnloadTime: 4.051000 ms

Unloading 41 unused Assets to reduce memory usage. Loaded Objects now: 27070.
Total: 16.922001 ms (FindLiveObjects: 1.521000 ms CreateObjectMapping: 1.592000 ms MarkObjects: 13.740001 ms  DeleteObjects: 0.066000 ms)

[APP] Final score: 10
[APP] _HandleScoreSaved() :: LeaderboardEntry
levelId: LB_P
levelType: SINGLE_PLAYER_LEADERBOARD
finished: False
waveNumber: 0

 
(Filename: /home/builduser/buildslave/unity/build/artifacts/generated/common/runtime/DebugBindings.gen.cpp Line: 51)

Sending analytics to http://www.google-analytics.com/batch: 
v=1&t=event&tid=UA-76677029-1&cid=&av=01.82&an=Tricky%20Towers%20STEAM&ec=LEADERBOARD&ea=LB_P&el=STARTED
v=1&t=event&tid=UA-76677029-1&cid=&av=01.82&an=Tricky%20Towers%20STEAM&ec=LEADERBOARD&ea=LB_P&el=ENDED&ev=10
 
(Filename: /home/builduser/buildslave/unity/build/artifacts/generated/common/runtime/DebugBindings.gen.cpp Line: 51)

Unloading 3 Unused Serialized files (Serialized files now loaded: 0)
UnloadTime: 4.501000 ms

Unloading 2 unused Assets to reduce memory usage. Loaded Objects now: 25335.
Total: 13.821000 ms (FindLiveObjects: 1.829000 ms CreateObjectMapping: 1.663000 ms MarkObjects: 10.302000 ms  DeleteObjects: 0.027000 ms)

Sending analytics to http://www.google-analytics.com/collect: 
v=1&t=event&tid=UA-76677029-1&cid=&av=01.82&an=Tricky%20Towers%20STEAM&ec=APPLICATION&ea=GAME_END&sc=end&ul=en&sr=1920x1080
 
(Filename: /home/builduser/buildslave/unity/build/artifacts/generated/common/runtime/DebugBindings.gen.cpp Line: 51)

Sending analytics to http://www.google-analytics.com/collect: 
v=1&t=event&tid=UA-76677029-1&cid=&av=01.82&an=Tricky%20Towers%20STEAM&ec=LEADERBOARD&ea=LB_P&el=STARTED
 
(Filename: /home/builduser/buildslave/unity/build/artifacts/generated/common/runtime/DebugBindings.gen.cpp Line: 51)

